<?xml version="1.0" encoding="UTF-8"?>
<coverage generated="1733058429004" clover="3.2.0">
  <project timestamp="1733058429005" name="All files">
    <metrics statements="10" coveredstatements="10" conditionals="10" coveredconditionals="10" methods="3" coveredmethods="3" elements="23" coveredelements="23" complexity="0" loc="10" ncloc="10" packages="1" files="1" classes="1"/>
    <file name="EligibilityCheck.js" path="C:\Users\DC\Desktop\SoftwareProject\client\src\Components\Scholarship\EligibilityCheck.js">
      <metrics statements="10" coveredstatements="10" conditionals="10" coveredconditionals="10" methods="3" coveredmethods="3"/>
      <line num="5" count="1" type="stmt"/>
      <line num="6" count="11" type="stmt"/>
      <line num="7" count="11" type="stmt"/>
      <line num="9" count="11" type="stmt"/>
      <line num="10" count="6" type="stmt"/>
      <line num="13" count="11" type="stmt"/>
      <line num="14" count="2" type="cond" truecount="6" falsecount="0"/>
      <line num="15" count="1" type="stmt"/>
      <line num="17" count="1" type="stmt"/>
      <line num="21" count="11" type="stmt"/>
    </file>
  </project>
</coverage>
