{"C:\\Users\\DC\\Desktop\\SoftwareProject\\client\\src\\Components\\Scholarship\\EligibilityCheck.js": {"path":"C:\\Users\\DC\\Desktop\\SoftwareProject\\client\\src\\Components\\Scholarship\\EligibilityCheck.js","statementMap":{"0":{"start":{"line":5,"column":25},"end":{"line":88,"column":1}},"1":{"start":{"line":6,"column":34},"end":{"line":6,"column":77}},"2":{"start":{"line":7,"column":38},"end":{"line":7,"column":52}},"3":{"start":{"line":9,"column":23},"end":{"line":11,"column":3}},"4":{"start":{"line":10,"column":4},"end":{"line":10,"column":74}},"5":{"start":{"line":13,"column":27},"end":{"line":19,"column":3}},"6":{"start":{"line":14,"column":4},"end":{"line":18,"column":5}},"7":{"start":{"line":15,"column":6},"end":{"line":15,"column":26}},"8":{"start":{"line":17,"column":6},"end":{"line":17,"column":27}},"9":{"start":{"line":21,"column":2},"end":{"line":87,"column":4}}},"fnMap":{"0":{"name":"(anonymous_0)","decl":{"start":{"line":5,"column":25},"end":{"line":5,"column":26}},"loc":{"start":{"line":5,"column":31},"end":{"line":88,"column":1}},"line":5},"1":{"name":"(anonymous_1)","decl":{"start":{"line":9,"column":23},"end":{"line":9,"column":24}},"loc":{"start":{"line":9,"column":34},"end":{"line":11,"column":3}},"line":9},"2":{"name":"(anonymous_2)","decl":{"start":{"line":13,"column":27},"end":{"line":13,"column":28}},"loc":{"start":{"line":13,"column":33},"end":{"line":19,"column":3}},"line":13}},"branchMap":{"0":{"loc":{"start":{"line":14,"column":4},"end":{"line":18,"column":5}},"type":"if","locations":[{"start":{"line":14,"column":4},"end":{"line":18,"column":5}},{"start":{"line":16,"column":11},"end":{"line":18,"column":5}}],"line":14},"1":{"loc":{"start":{"line":14,"column":8},"end":{"line":14,"column":134}},"type":"binary-expr","locations":[{"start":{"line":14,"column":9},"end":{"line":14,"column":39}},{"start":{"line":14,"column":43},"end":{"line":14,"column":73}},{"start":{"line":14,"column":78},"end":{"line":14,"column":111}},{"start":{"line":14,"column":115},"end":{"line":14,"column":134}}],"line":14},"2":{"loc":{"start":{"line":81,"column":7},"end":{"line":85,"column":7}},"type":"binary-expr","locations":[{"start":{"line":81,"column":7},"end":{"line":81,"column":26}},{"start":{"line":82,"column":8},"end":{"line":84,"column":21}}],"line":81},"3":{"loc":{"start":{"line":83,"column":11},"end":{"line":83,"column":109}},"type":"cond-expr","locations":[{"start":{"line":83,"column":24},"end":{"line":83,"column":63}},{"start":{"line":83,"column":66},"end":{"line":83,"column":109}}],"line":83}},"s":{"0":1,"1":11,"2":11,"3":11,"4":6,"5":11,"6":2,"7":1,"8":1,"9":11},"f":{"0":11,"1":6,"2":2},"b":{"0":[1,1],"1":[2,1,1,1],"2":[11,2],"3":[1,1]},"_coverageSchema":"1a1c01bbd47fc00a2c39e90264f33305004495a9","hash":"74215fdffd0712135a9ee013c1fe0e3e5e64a7a2"}
}
